NotePad-master1/app/build/intermediates/manifest_merge_blame_file/debug/manifest-merger-blame-debug-report.txt
1<?xml version="1.0" encoding="utf-8"?>
2<!--
3 Copyright (C) 2007 The Android Open Source Project
4
5     Licensed under the Apache License, Version 2.0 (the "License");
6     you may not use this file except in compliance with the License.
7     You may obtain a copy of the License at
8
9          http://www.apache.org/licenses/LICENSE-2.0
10
11     Unless required by applicable law or agreed to in writing, software
12     distributed under the License is distributed on an "AS IS" BASIS,
13     WITHOUT WARRANTIES OR CONDITIONS OF ANY KIND, either express or implied.
14     See the License for the specific language governing permissions and
15     limitations under the License.
16-->
17<!--
18 Declare the contents of this Android application.  The namespace
19     attribute brings in the Android platform namespace, and the package
20     supplies a unique name for the application.  When writing your
21     own application, the package name must be changed from "com.example.*"
22     to come from a domain that you own or have control over.
23-->
24<manifest xmlns:android="http://schemas.android.com/apk/res/android"
25    package="com.example.myapplication4"
26    android:versionCode="1"
27    android:versionName="1.0" >
28
29    <uses-sdk
30        android:minSdkVersion="16"
30-->src\main\AndroidManifest.xml
31        android:targetSdkVersion="30" />
31-->src\main\AndroidManifest.xml
32
33    <application
33-->src\main\AndroidManifest.xml:25:5-123:19
34        android:appComponentFactory="androidx.core.app.CoreComponentFactory"
34-->[androidx.core:core:1.3.1] AndroidManifest.xml:24:18-86
35        android:debuggable="true"
36        android:icon="@drawable/app_notes"
36-->src\main\AndroidManifest.xml:25:18-52
37        android:label="@string/app_name"
37-->src\main\AndroidManifest.xml:26:9-41
38        android:testOnly="true" >
39        <provider
39-->src\main\AndroidManifest.xml:28:9-32:20
40            android:name="com.example.android.notepad.NotePadProvider"
40-->src\main\AndroidManifest.xml:28:19-49
41            android:authorities="com.google.provider.NotePad"
41-->src\main\AndroidManifest.xml:29:13-62
42            android:exported="false" >
42-->src\main\AndroidManifest.xml:30:13-37
43            <grant-uri-permission android:pathPattern=".*" />
43-->src\main\AndroidManifest.xml:31:13-62
43-->src\main\AndroidManifest.xml:31:35-59
44        </provider>
45
46        <activity
46-->src\main\AndroidManifest.xml:33:9-36:20
47            android:name="com.example.android.notepad.NoteSearch"
47-->src\main\AndroidManifest.xml:34:13-38
48            android:label="Search" >
48-->src\main\AndroidManifest.xml:35:13-35
49        </activity>
50        <activity
50-->src\main\AndroidManifest.xml:38:9-55:20
51            android:name="com.example.android.notepad.NotesList"
51-->src\main\AndroidManifest.xml:38:19-43
52            android:label="@string/title_notes_list" >
52-->src\main\AndroidManifest.xml:38:44-84
53            <intent-filter>
53-->src\main\AndroidManifest.xml:39:13-42:29
54                <action android:name="android.intent.action.MAIN" />
54-->src\main\AndroidManifest.xml:40:17-69
54-->src\main\AndroidManifest.xml:40:25-66
55
56                <category android:name="android.intent.category.LAUNCHER" />
56-->src\main\AndroidManifest.xml:41:17-77
56-->src\main\AndroidManifest.xml:41:27-74
57            </intent-filter>
58            <intent-filter android:scheme="http" >
58-->src\main\AndroidManifest.xml:43:13-49:29
58-->src\main\AndroidManifest.xml:43:28-49
59                <action android:name="android.intent.action.VIEW" />
59-->src\main\AndroidManifest.xml:44:17-69
59-->src\main\AndroidManifest.xml:44:25-66
60                <action android:name="android.intent.action.EDIT" />
60-->src\main\AndroidManifest.xml:45:17-69
60-->src\main\AndroidManifest.xml:45:25-66
61                <action android:name="android.intent.action.PICK" />
61-->src\main\AndroidManifest.xml:46:17-69
61-->src\main\AndroidManifest.xml:46:25-66
62
63                <category android:name="android.intent.category.DEFAULT" />
63-->src\main\AndroidManifest.xml:47:17-76
63-->src\main\AndroidManifest.xml:47:27-73
64
65                <data android:mimeType="vnd.android.cursor.dir/vnd.google.note" />
65-->src\main\AndroidManifest.xml:48:17-83
65-->src\main\AndroidManifest.xml:48:23-80
66            </intent-filter>
67            <intent-filter>
67-->src\main\AndroidManifest.xml:50:13-54:29
68                <action android:name="android.intent.action.GET_CONTENT" />
68-->src\main\AndroidManifest.xml:51:17-76
68-->src\main\AndroidManifest.xml:51:25-73
69
70                <category android:name="android.intent.category.DEFAULT" />
70-->src\main\AndroidManifest.xml:47:17-76
70-->src\main\AndroidManifest.xml:47:27-73
71
72                <data android:mimeType="vnd.android.cursor.item/vnd.google.note" />
72-->src\main\AndroidManifest.xml:48:17-83
72-->src\main\AndroidManifest.xml:48:23-80
73            </intent-filter>
74        </activity>
75        <activity
75-->src\main\AndroidManifest.xml:57:9-83:20
76            android:name="com.example.android.notepad.NoteEditor"
76-->src\main\AndroidManifest.xml:57:19-44
77            android:configChanges="keyboardHidden|orientation"
77-->src\main\AndroidManifest.xml:60:13-63
78            android:screenOrientation="sensor"
78-->src\main\AndroidManifest.xml:59:13-47
79            android:theme="@android:style/Theme.Holo.Light" >
79-->src\main\AndroidManifest.xml:58:13-60
80
81            <!--
82                 This filter says that we can view or edit the data of
83                 a single note
84            -->
85            <intent-filter android:label="@string/resolve_edit" >
85-->src\main\AndroidManifest.xml:64:13-70:29
85-->src\main\AndroidManifest.xml:64:28-64
86                <action android:name="android.intent.action.VIEW" />
86-->src\main\AndroidManifest.xml:44:17-69
86-->src\main\AndroidManifest.xml:44:25-66
87                <action android:name="android.intent.action.EDIT" />
87-->src\main\AndroidManifest.xml:45:17-69
87-->src\main\AndroidManifest.xml:45:25-66
88                <action android:name="com.android.notepad.action.EDIT_NOTE" />
88-->src\main\AndroidManifest.xml:67:17-79
88-->src\main\AndroidManifest.xml:67:25-76
89
90                <category android:name="android.intent.category.DEFAULT" />
90-->src\main\AndroidManifest.xml:47:17-76
90-->src\main\AndroidManifest.xml:47:27-73
91
92                <data android:mimeType="vnd.android.cursor.item/vnd.google.note" />
92-->src\main\AndroidManifest.xml:48:17-83
92-->src\main\AndroidManifest.xml:48:23-80
93            </intent-filter>
94
95            <!--
96                 This filter says that we can create a new note inside
97                 of a directory of notes.  The INSERT action creates an
98                 empty note; the PASTE action initializes a new note from
99                 the current contents of the clipboard.
100            -->
101            <intent-filter>
101-->src\main\AndroidManifest.xml:76:13-81:29
102                <action android:name="android.intent.action.INSERT" />
102-->src\main\AndroidManifest.xml:77:17-71
102-->src\main\AndroidManifest.xml:77:25-68
103                <action android:name="android.intent.action.PASTE" />
103-->src\main\AndroidManifest.xml:78:17-70
103-->src\main\AndroidManifest.xml:78:25-67
104
105                <category android:name="android.intent.category.DEFAULT" />
105-->src\main\AndroidManifest.xml:47:17-76
105-->src\main\AndroidManifest.xml:47:27-73
106
107                <data android:mimeType="vnd.android.cursor.dir/vnd.google.note" />
107-->src\main\AndroidManifest.xml:48:17-83
107-->src\main\AndroidManifest.xml:48:23-80
108            </intent-filter>
109        </activity>
110        <activity
110-->src\main\AndroidManifest.xml:85:9-110:20
111            android:name="com.example.android.notepad.TitleEditor"
111-->src\main\AndroidManifest.xml:85:19-45
112            android:icon="@drawable/ic_menu_edit"
112-->src\main\AndroidManifest.xml:87:13-50
113            android:label="@string/title_edit_title"
113-->src\main\AndroidManifest.xml:86:13-53
114            android:theme="@android:style/Theme.Holo.Dialog"
114-->src\main\AndroidManifest.xml:88:13-61
115            android:windowSoftInputMode="stateVisible" >
115-->src\main\AndroidManifest.xml:89:13-55
116
117            <!--
118                 This activity implements an alternative action that can be
119                 performed on notes: editing their title.  It can be used as
120                 a default operation if the user invokes this action, and is
121                 available as an alternative action for any note data.
122            -->
123            <intent-filter android:label="@string/resolve_title" >
123-->src\main\AndroidManifest.xml:94:13-109:29
123-->src\main\AndroidManifest.xml:94:28-65
124
125                <!--
126                     This is the action we perform.  It is a custom action we
127                     define for our application, not a generic VIEW or EDIT
128                     action since we are not a general note viewer/editor.
129                -->
130                <action android:name="com.android.notepad.action.EDIT_TITLE" />
130-->src\main\AndroidManifest.xml:98:17-80
130-->src\main\AndroidManifest.xml:98:25-77
131                <!-- DEFAULT: execute if being directly invoked. -->
132                <category android:name="android.intent.category.DEFAULT" />
132-->src\main\AndroidManifest.xml:47:17-76
132-->src\main\AndroidManifest.xml:47:27-73
133                <!--
134                     ALTERNATIVE: show as an alternative action when the user is
135                     working with this type of data.
136                -->
137                <category android:name="android.intent.category.ALTERNATIVE" />
137-->src\main\AndroidManifest.xml:103:17-80
137-->src\main\AndroidManifest.xml:103:27-77
138                <!--
139                     SELECTED_ALTERNATIVE: show as an alternative action the user
140                     can perform when selecting this type of data.
141                -->
142                <category android:name="android.intent.category.SELECTED_ALTERNATIVE" />
142-->src\main\AndroidManifest.xml:106:17-89
142-->src\main\AndroidManifest.xml:106:27-86
143                <!-- This is the data type we operate on. -->
144                <data android:mimeType="vnd.android.cursor.item/vnd.google.note" />
144-->src\main\AndroidManifest.xml:48:17-83
144-->src\main\AndroidManifest.xml:48:23-80
145            </intent-filter>
146        </activity>
147        <activity
147-->src\main\AndroidManifest.xml:112:9-118:20
148            android:name="com.example.android.notepad.NotesLiveFolder"
148-->src\main\AndroidManifest.xml:112:19-49
149            android:icon="@drawable/live_folder_notes"
149-->src\main\AndroidManifest.xml:113:13-55
150            android:label="@string/live_folder_name" >
150-->src\main\AndroidManifest.xml:112:50-90
151            <intent-filter>
151-->src\main\AndroidManifest.xml:114:13-117:29
152                <action android:name="android.intent.action.CREATE_LIVE_FOLDER" />
152-->src\main\AndroidManifest.xml:115:17-83
152-->src\main\AndroidManifest.xml:115:25-80
153
154                <category android:name="android.intent.category.DEFAULT" />
154-->src\main\AndroidManifest.xml:47:17-76
154-->src\main\AndroidManifest.xml:47:27-73
155            </intent-filter>
156        </activity>
157        <activity
157-->src\main\AndroidManifest.xml:119:9-122:57
158            android:name="com.example.android.notepad.NoteColor"
158-->src\main\AndroidManifest.xml:119:19-43
159            android:label="ChangeColor"
159-->src\main\AndroidManifest.xml:121:13-40
160            android:theme="@android:style/Theme.Holo.Light.Dialog"
160-->src\main\AndroidManifest.xml:120:13-67
161            android:windowSoftInputMode="stateVisible" />
161-->src\main\AndroidManifest.xml:122:13-55
162    </application>
163
164</manifest>